livenesscamerax/core/build/intermediates/manifest_merge_blame_file/debug/processDebugMainManifest/manifest-merger-blame-debug-report.txt
1<?xml version="1.0" encoding="utf-8"?>
2<manifest xmlns:android="http://schemas.android.com/apk/res/android"
3    package="com.nexgen.core" >
4
5    <uses-sdk
6        android:minSdkVersion="24"
7        android:targetSdkVersion="24" />
8
9    <application
10        android:appComponentFactory="androidx.core.app.CoreComponentFactory"
10-->[androidx.core:core:1.8.0] AndroidManifest.xml:24:18-86
11        android:debuggable="true"
12        android:extractNativeLibs="false"
13        android:testOnly="true" />
14
15</manifest>